  WavePleer.cpp
C:\Users\Grotti\source\repos\WavePleer\WavePleer\WavePleer.cpp(144,92): warning C4267: =: преобразование из "size_t" в "int"; возможна потеря данных
C:\Users\Grotti\source\repos\WavePleer\WavePleer\WavePleer.cpp(325,114): warning C4244: аргумент: преобразование "int" в "T", возможна потеря данных
          with
          [
              T=float
          ]
C:\Users\Grotti\source\repos\WavePleer\WavePleer\WavePleer.cpp(325,93): warning C4244: аргумент: преобразование "int" в "T", возможна потеря данных
          with
          [
              T=float
          ]
C:\Users\Grotti\source\repos\WavePleer\WavePleer\WavePleer.cpp(341,104): warning C4267: =: преобразование из "size_t" в "int"; возможна потеря данных
C:\Users\Grotti\source\repos\WavePleer\WavePleer\WavePleer.cpp(355,102): warning C4244: аргумент: преобразование "int" в "T", возможна потеря данных
          with
          [
              T=float
          ]
C:\Users\Grotti\source\repos\WavePleer\WavePleer\WavePleer.cpp(355,81): warning C4244: аргумент: преобразование "int" в "T", возможна потеря данных
          with
          [
              T=float
          ]
C:\Users\Grotti\source\repos\WavePleer\WavePleer\WavePleer.cpp(507,27): warning C4244: инициализация: преобразование "T" в "float", возможна потеря данных
          with
          [
              T=unsigned int
          ]
  Создание кода
  18 of 859 functions ( 2.1%) were compiled, the rest were copied from previous compilation.
    0 functions were new in current compilation
    29 functions had inline decision re-evaluated but remain unchanged
  Создание кода завершено
  WavePleer.vcxproj -> C:\Users\Grotti\source\repos\WavePleer\x64\Release\WavePleer.exe
